<?xml version="1.0" encoding="UTF-8" ?>
<testsuite tests="14" failures="0" name="com.qa.cucumberoptions.TestRunner" time="276.92" errors="0" skipped="0">
  <properties>
    <property name="java.runtime.name" value="Java(TM) SE Runtime Environment"/>
    <property name="java.vm.version" value="18.0.1.1+2-6"/>
    <property name="sun.boot.library.path" value="C:\Program Files\Java\jdk-18.0.1.1\bin"/>
    <property name="browser" value="chrome"/>
    <property name="maven.multiModuleProjectDirectory" value="C:\Users\kavya.manivannan\workspace-NHS\CostCheckerTool-NHS"/>
    <property name="java.vm.vendor" value="Oracle Corporation"/>
    <property name="java.vendor.url" value="https://java.oracle.com/"/>
    <property name="guice.disable.misplaced.annotation.check" value="true"/>
    <property name="path.separator" value=";"/>
    <property name="java.vm.name" value="Java HotSpot(TM) 64-Bit Server VM"/>
    <property name="sun.os.patch.level" value=""/>
    <property name="user.script" value=""/>
    <property name="user.country" value="US"/>
    <property name="sun.java.launcher" value="SUN_STANDARD"/>
    <property name="java.vm.specification.name" value="Java Virtual Machine Specification"/>
    <property name="user.dir" value="C:\Users\kavya.manivannan\workspace-NHS\CostCheckerTool-NHS"/>
    <property name="java.vm.compressedOopsMode" value="32-bit"/>
    <property name="java.runtime.version" value="18.0.1.1+2-6"/>
    <property name="os.arch" value="amd64"/>
    <property name="java.io.tmpdir" value="C:\Users\KAVYA~1.MAN\AppData\Local\Temp\"/>
    <property name="line.separator" value="
"/>
    <property name="java.vm.specification.vendor" value="Oracle Corporation"/>
    <property name="user.variant" value=""/>
    <property name="os.name" value="Windows 11"/>
    <property name="classworlds.conf" value="C:\Users\kavya.manivannan\OneDrive - Accenture\Selenium\apache-maven-3.6.3\bin\..\bin\m2.conf"/>
    <property name="sun.jnu.encoding" value="Cp1252"/>
    <property name="java.library.path" value="C:\Program Files\Java\jdk-18.0.1.1\bin;C:\WINDOWS\Sun\Java\bin;C:\WINDOWS\system32;C:\WINDOWS;C:\Program Files\Common Files\Oracle\Java\javapath;C:\Program Files (x86)\Common Files\Oracle\Java\javapath;C:\WINDOWS\system32;C:\WINDOWS;C:\WINDOWS\System32\Wbem;C:\WINDOWS\System32\WindowsPowerShell\v1.0\;C:\WINDOWS\System32\OpenSSH\;C:\Program Files (x86)\Pulse Secure\VC142.CRT\X64\;C:\Program Files (x86)\Pulse Secure\VC142.CRT\X86\;C:\Program Files (x86)\Common Files\Pulse Secure\VC142.CRT\X64\;C:\Program Files (x86)\Common Files\Pulse Secure\VC142.CRT\X86\;C:\Program Files (x86)\dotnet\;C:\Program Files\Java\jdk-18.0.1.1\bin;C:\Users\kavya.manivannan\OneDrive - Accenture\Selenium\apache-maven-3.6.3\bin;C:\Users\kavya.manivannan\AppData\Local\Microsoft\WindowsApps;C:\Users\kavya.manivannan\AppData\Local\Programs\Git\cmd;."/>
    <property name="maven.conf" value="C:\Users\kavya.manivannan\OneDrive - Accenture\Selenium\apache-maven-3.6.3\bin\../conf"/>
    <property name="jdk.debug" value="release"/>
    <property name="java.class.version" value="62.0"/>
    <property name="java.specification.name" value="Java Platform API Specification"/>
    <property name="sun.management.compiler" value="HotSpot 64-Bit Tiered Compilers"/>
    <property name="os.version" value="10.0"/>
    <property name="library.jansi.path" value="C:\Users\kavya.manivannan\OneDrive - Accenture\Selenium\apache-maven-3.6.3\bin\..\lib\jansi-native"/>
    <property name="user.home" value="C:\Users\kavya.manivannan"/>
    <property name="user.timezone" value="Asia/Calcutta"/>
    <property name="file.encoding" value="UTF-8"/>
    <property name="java.specification.version" value="18"/>
    <property name="user.name" value="kavya.manivannan"/>
    <property name="java.class.path" value="C:\Users\kavya.manivannan\OneDrive - Accenture\Selenium\apache-maven-3.6.3\bin\..\boot\plexus-classworlds-2.6.0.jar"/>
    <property name="java.vm.specification.version" value="18"/>
    <property name="sun.arch.data.model" value="64"/>
    <property name="sun.java.command" value="org.codehaus.plexus.classworlds.launcher.Launcher test -Dbrowser=chrome"/>
    <property name="java.home" value="C:\Program Files\Java\jdk-18.0.1.1"/>
    <property name="user.language" value="en"/>
    <property name="java.specification.vendor" value="Oracle Corporation"/>
    <property name="java.vm.info" value="mixed mode, sharing"/>
    <property name="java.version" value="18.0.1.1"/>
    <property name="native.encoding" value="Cp1252"/>
    <property name="java.vendor" value="Oracle Corporation"/>
    <property name="sun.stderr.encoding" value="cp437"/>
    <property name="maven.home" value="C:\Users\kavya.manivannan\OneDrive - Accenture\Selenium\apache-maven-3.6.3\bin\.."/>
    <property name="file.separator" value="\"/>
    <property name="java.version.date" value="2022-04-22"/>
    <property name="java.vendor.url.bug" value="https://bugreport.java.com/bugreport/"/>
    <property name="sun.io.unicode.encoding" value="UnicodeLittle"/>
    <property name="sun.cpu.endian" value="little"/>
    <property name="sun.stdout.encoding" value="cp437"/>
    <property name="sun.cpu.isalist" value="amd64"/>
  </properties>
  <testcase classname="NHS Costs Checker for UK Citizen from England" name="Submit the form with Partner, TaxBenifits and PaidUniversalCredit and verify the results (Age above 19)" time="24.006"/>
  <testcase classname="NHS Costs Checker for UK Citizen from England" name="Submit the form without Partner, TaxBenifits, with some benefits and live in care home and verify the results (Age above 50)" time="20.875"/>
  <testcase classname="NHS Costs Checker for UK Citizen from England" name="Submit the form without Partner, TaxBenifits, with some benfits and not live in care home and verify the (Age below 50)" time="23.368"/>
  <testcase classname="NHS Costs Checker for UK Citizen from England" name="Submit the form with age under 19 (no fulltime education), Partner, TaxBenifits and waiting for UniversalCredit with some benefits and verify the results (Age below 19)" time="20.088"/>
  <testcase classname="NHS Costs Checker for UK Citizen from England" name="Submit the form with age under 19 (with fulltime education), Partner, TaxBenifits and waiting for UniversalCredit and verify the results (Age below 19)" time="14.43"/>
  <testcase classname="NHS Costs Checker for UK Citizen from England" name="Submit the form for user less than age 16 (Age below 16)" time="12.474"/>
  <testcase classname="NHS Costs Checker for UK Citizen from Northern Ireland" name="Submit the form for user from Northern Ireland" time="8.626"/>
  <testcase classname="NHS Costs Checker for UK Citizen from Scotland" name="Submit the form with Partner, TaxBenifits and PaidUniversalCredit and verify the results" time="22.115"/>
  <testcase classname="NHS Costs Checker for UK Citizen from Scotland" name="Submit the form with Partner, TaxBenifits and waiting for PaidUniversalCredit with sonme benefits and verify the results" time="20.107"/>
  <testcase classname="NHS Costs Checker for UK Citizen from Scotland" name="Submit the form with Partner, TaxBenifits and getting ESA benefits and verify the results" time="24.095"/>
  <testcase classname="NHS Costs Checker Error Messages Validation" name="Invalid Entry in fields in the cost checker tool" time="16.468"/>
  <testcase classname="NHS Costs Checker Error Messages Validation" name="Validate the mandatory fields in the cost checker tool" time="29.135"/>
  <testcase classname="NHS Costs Checker for UK Citizen from Wales" name="Submit the form with Partner, TaxBenifits and PaidUniversalCredit and verify the results (Age below 50)" time="20.895"/>
  <testcase classname="NHS Costs Checker for UK Citizen from Wales" name="Submit the form without Partner, TaxBenifits, with some benfits and live in care home and verify the results (Age above 50)" time="20.238"/>
</testsuite>